This is pdfTeX, Version 3.1415926-2.4-1.40.13 (TeX Live 2012/Debian) (format=pdflatex 2013.4.17)  19 AUG 2013 09:55
entering extended mode
 restricted \write18 enabled.
 %&-line parsing enabled.
**OpenBoardReleaseNote.tex
(./OpenBoardReleaseNote.tex
LaTeX2e <2011/06/27>
Babel <v3.8m> and hyphenation patterns for english, dumylang, nohyphenation, lo
aded.
(/usr/share/texlive/texmf-dist/tex/latex/base/report.cls
Document Class: report 2007/10/19 v1.4h Standard LaTeX document class
(/usr/share/texlive/texmf-dist/tex/latex/base/size10.clo
File: size10.clo 2007/10/19 v1.4h Standard LaTeX file (size option)
)
\c@part=\count79
\c@chapter=\count80
\c@section=\count81
\c@subsection=\count82
\c@subsubsection=\count83
\c@paragraph=\count84
\c@subparagraph=\count85
\c@figure=\count86
\c@table=\count87
\abovecaptionskip=\skip41
\belowcaptionskip=\skip42
\bibindent=\dimen102
)
(/usr/share/texlive/texmf-dist/tex/latex/tools/verbatim.sty
Package: verbatim 2003/08/22 v1.5q LaTeX2e package for verbatim enhancements
\every@verbatim=\toks14
\verbatim@line=\toks15
\verbatim@in@stream=\read1
)
(/usr/share/texlive/texmf-dist/tex/latex/graphics/color.sty
Package: color 2005/11/14 v1.0j Standard LaTeX Color (DPC)

(/usr/share/texlive/texmf-dist/tex/latex/latexconfig/color.cfg
File: color.cfg 2007/01/18 v1.5 color configuration of teTeX/TeXLive
)
Package color Info: Driver file: pdftex.def on input line 130.

(/usr/share/texlive/texmf-dist/tex/latex/pdftex-def/pdftex.def
File: pdftex.def 2011/05/27 v0.06d Graphics/color for pdfTeX

(/usr/share/texlive/texmf-dist/tex/generic/oberdiek/infwarerr.sty
Package: infwarerr 2010/04/08 v1.3 Providing info/warning/error messages (HO)
)
(/usr/share/texlive/texmf-dist/tex/generic/oberdiek/ltxcmds.sty
Package: ltxcmds 2011/11/09 v1.22 LaTeX kernel commands for general use (HO)
)
\Gread@gobject=\count88
))
(/usr/share/texlive/texmf-dist/tex/latex/hyperref/hyperref.sty
Package: hyperref 2012/05/13 v6.82q Hypertext links for LaTeX

(/usr/share/texlive/texmf-dist/tex/generic/oberdiek/hobsub-hyperref.sty
Package: hobsub-hyperref 2012/05/28 v1.13 Bundle oberdiek, subset hyperref (HO)


(/usr/share/texlive/texmf-dist/tex/generic/oberdiek/hobsub-generic.sty
Package: hobsub-generic 2012/05/28 v1.13 Bundle oberdiek, subset generic (HO)
Package: hobsub 2012/05/28 v1.13 Construct package bundles (HO)
Package hobsub Info: Skipping package `infwarerr' (already loaded).
Package hobsub Info: Skipping package `ltxcmds' (already loaded).
Package: ifluatex 2010/03/01 v1.3 Provides the ifluatex switch (HO)
Package ifluatex Info: LuaTeX not detected.
Package: ifvtex 2010/03/01 v1.5 Detect VTeX and its facilities (HO)
Package ifvtex Info: VTeX not detected.
Package: intcalc 2007/09/27 v1.1 Expandable calculations with integers (HO)
Package: ifpdf 2011/01/30 v2.3 Provides the ifpdf switch (HO)
Package ifpdf Info: pdfTeX in PDF mode is detected.
Package: etexcmds 2011/02/16 v1.5 Avoid name clashes with e-TeX commands (HO)
Package etexcmds Info: Could not find \expanded.
(etexcmds)             That can mean that you are not using pdfTeX 1.50 or
(etexcmds)             that some package has redefined \expanded.
(etexcmds)             In the latter case, load this package earlier.
Package: kvsetkeys 2012/04/25 v1.16 Key value parser (HO)
Package: kvdefinekeys 2011/04/07 v1.3 Define keys (HO)
Package: pdftexcmds 2011/11/29 v0.20 Utility functions of pdfTeX for LuaTeX (HO
)
Package pdftexcmds Info: LuaTeX not detected.
Package pdftexcmds Info: \pdf@primitive is available.
Package pdftexcmds Info: \pdf@ifprimitive is available.
Package pdftexcmds Info: \pdfdraftmode found.
Package: pdfescape 2011/11/25 v1.13 Implements pdfTeX's escape features (HO)
Package: bigintcalc 2012/04/08 v1.3 Expandable calculations on big integers (HO
)
Package: bitset 2011/01/30 v1.1 Handle bit-vector datatype (HO)
Package: uniquecounter 2011/01/30 v1.2 Provide unlimited unique counter (HO)
)
Package hobsub Info: Skipping package `hobsub' (already loaded).
Package: letltxmacro 2010/09/02 v1.4 Let assignment for LaTeX macros (HO)
Package: hopatch 2012/05/28 v1.2 Wrapper for package hooks (HO)
Package: xcolor-patch 2011/01/30 xcolor patch
Package: atveryend 2011/06/30 v1.8 Hooks at the very end of document (HO)
Package atveryend Info: \enddocument detected (standard20110627).
Package: atbegshi 2011/10/05 v1.16 At begin shipout hook (HO)
Package: refcount 2011/10/16 v3.4 Data extraction from label references (HO)
Package: hycolor 2011/01/30 v1.7 Color options for hyperref/bookmark (HO)
)
(/usr/share/texlive/texmf-dist/tex/latex/graphics/keyval.sty
Package: keyval 1999/03/16 v1.13 key=value parser (DPC)
\KV@toks@=\toks16
)
(/usr/share/texlive/texmf-dist/tex/generic/ifxetex/ifxetex.sty
Package: ifxetex 2010/09/12 v0.6 Provides ifxetex conditional
)
(/usr/share/texlive/texmf-dist/tex/latex/oberdiek/kvoptions.sty
Package: kvoptions 2011/06/30 v3.11 Key value format for package options (HO)
)
\@linkdim=\dimen103
\Hy@linkcounter=\count89
\Hy@pagecounter=\count90

(/usr/share/texlive/texmf-dist/tex/latex/hyperref/pd1enc.def
File: pd1enc.def 2012/05/13 v6.82q Hyperref: PDFDocEncoding definition (HO)
)
\Hy@SavedSpaceFactor=\count91

(/usr/share/texlive/texmf-dist/tex/latex/latexconfig/hyperref.cfg
File: hyperref.cfg 2002/06/06 v1.2 hyperref configuration of TeXLive
)
Package hyperref Info: Hyper figures OFF on input line 4062.
Package hyperref Info: Link nesting OFF on input line 4067.
Package hyperref Info: Hyper index ON on input line 4070.
Package hyperref Info: Plain pages OFF on input line 4077.
Package hyperref Info: Backreferencing OFF on input line 4082.
Package hyperref Info: Implicit mode ON; LaTeX internals redefined.
Package hyperref Info: Bookmarks ON on input line 4300.
\c@Hy@tempcnt=\count92

(/usr/share/texlive/texmf-dist/tex/latex/url/url.sty
\Urlmuskip=\muskip10
Package: url 2006/04/12  ver 3.3  Verb mode for urls, etc.
)
LaTeX Info: Redefining \url on input line 4653.
\Fld@menulength=\count93
\Field@Width=\dimen104
\Fld@charsize=\dimen105
Package hyperref Info: Hyper figures OFF on input line 5773.
Package hyperref Info: Link nesting OFF on input line 5778.
Package hyperref Info: Hyper index ON on input line 5781.
Package hyperref Info: backreferencing OFF on input line 5788.
Package hyperref Info: Link coloring OFF on input line 5793.
Package hyperref Info: Link coloring with OCG OFF on input line 5798.
Package hyperref Info: PDF/A mode OFF on input line 5803.
LaTeX Info: Redefining \ref on input line 5843.
LaTeX Info: Redefining \pageref on input line 5847.
\Hy@abspage=\count94
\c@Item=\count95
\c@Hfootnote=\count96
)

Package hyperref Message: Driver (autodetected): hpdftex.

(/usr/share/texlive/texmf-dist/tex/latex/hyperref/hpdftex.def
File: hpdftex.def 2012/05/13 v6.82q Hyperref driver for pdfTeX
\Fld@listcount=\count97
\c@bookmark@seq@number=\count98

(/usr/share/texlive/texmf-dist/tex/latex/oberdiek/rerunfilecheck.sty
Package: rerunfilecheck 2011/04/15 v1.7 Rerun checks for auxiliary files (HO)
Package uniquecounter Info: New unique counter `rerunfilecheck' on input line 2
82.
)
\Hy@SectionHShift=\skip43
)
(/usr/share/texlive/texmf-dist/tex/latex/fancyhdr/fancyhdr.sty
\fancy@headwidth=\skip44
\f@ncyO@elh=\skip45
\f@ncyO@erh=\skip46
\f@ncyO@olh=\skip47
\f@ncyO@orh=\skip48
\f@ncyO@elf=\skip49
\f@ncyO@erf=\skip50
\f@ncyO@olf=\skip51
\f@ncyO@orf=\skip52
)
(/usr/share/texlive/texmf-dist/tex/latex/pdfpages/pdfpages.sty
Package: pdfpages 2012/04/03 v0.4s Insert pages of external PDF documents (AM)

(/usr/share/texlive/texmf-dist/tex/latex/base/ifthen.sty
Package: ifthen 2001/05/26 v1.1c Standard LaTeX ifthen package (DPC)
)
(/usr/share/texlive/texmf-dist/tex/latex/tools/calc.sty
Package: calc 2007/08/22 v4.3 Infix arithmetic (KKT,FJ)
\calc@Acount=\count99
\calc@Bcount=\count100
\calc@Adimen=\dimen106
\calc@Bdimen=\dimen107
\calc@Askip=\skip53
\calc@Bskip=\skip54
LaTeX Info: Redefining \setlength on input line 76.
LaTeX Info: Redefining \addtolength on input line 77.
\calc@Ccount=\count101
\calc@Cskip=\skip55
)
(/usr/share/texlive/texmf-dist/tex/latex/eso-pic/eso-pic.sty
Package: eso-pic 2010/10/06 v2.0c eso-pic (RN)
)
(/usr/share/texlive/texmf-dist/tex/latex/graphics/graphicx.sty
Package: graphicx 1999/02/16 v1.0f Enhanced LaTeX Graphics (DPC,SPQR)

(/usr/share/texlive/texmf-dist/tex/latex/graphics/graphics.sty
Package: graphics 2009/02/05 v1.0o Standard LaTeX Graphics (DPC,SPQR)

(/usr/share/texlive/texmf-dist/tex/latex/graphics/trig.sty
Package: trig 1999/03/16 v1.09 sin cos tan (DPC)
)
(/usr/share/texlive/texmf-dist/tex/latex/latexconfig/graphics.cfg
File: graphics.cfg 2010/04/23 v1.9 graphics configuration of TeX Live
)
Package graphics Info: Driver file: pdftex.def on input line 91.
)
\Gin@req@height=\dimen108
\Gin@req@width=\dimen109
)
(/usr/share/texlive/texmf-dist/tex/latex/pdfpages/pppdftex.def
File: pppdftex.def 2012/04/03 v0.4s Pdfpages driver for pdfTeX (AM)
)
\AM@pagebox=\box26
\AM@toc@title=\toks17
\c@AM@survey=\count102
\AM@templatesizebox=\box27
)
(/usr/share/texlive/texmf-dist/tex/latex/enumitem/enumitem.sty
Package: enumitem 2011/09/28 v3.5.2 Customized lists
\labelindent=\skip56
\enit@outerparindent=\dimen110
\enit@toks=\toks18
\enit@inbox=\box28
\enitdp@description=\count103
)
Package hyperref Info: Option `colorlinks' set `true' on input line 23.

(./OpenBoardReleaseNote.aux (./OpenBoard_1.00.00.aux)
(./OpenBoard_0.08.b.03.aux) (./OpenBoard_0.08.b.02.aux)
(./OpenBoard_0.08.b.01.aux))
\openout1 = `OpenBoardReleaseNote.aux'.

LaTeX Font Info:    Checking defaults for OML/cmm/m/it on input line 27.
LaTeX Font Info:    ... okay on input line 27.
LaTeX Font Info:    Checking defaults for T1/cmr/m/n on input line 27.
LaTeX Font Info:    ... okay on input line 27.
LaTeX Font Info:    Checking defaults for OT1/cmr/m/n on input line 27.
LaTeX Font Info:    ... okay on input line 27.
LaTeX Font Info:    Checking defaults for OMS/cmsy/m/n on input line 27.
LaTeX Font Info:    ... okay on input line 27.
LaTeX Font Info:    Checking defaults for OMX/cmex/m/n on input line 27.
LaTeX Font Info:    ... okay on input line 27.
LaTeX Font Info:    Checking defaults for U/cmr/m/n on input line 27.
LaTeX Font Info:    ... okay on input line 27.
LaTeX Font Info:    Checking defaults for PD1/pdf/m/n on input line 27.
LaTeX Font Info:    ... okay on input line 27.

(/usr/share/texlive/texmf-dist/tex/context/base/supp-pdf.mkii
[Loading MPS to PDF converter (version 2006.09.02).]
\scratchcounter=\count104
\scratchdimen=\dimen111
\scratchbox=\box29
\nofMPsegments=\count105
\nofMParguments=\count106
\everyMPshowfont=\toks19
\MPscratchCnt=\count107
\MPscratchDim=\dimen112
\MPnumerator=\count108
\makeMPintoPDFobject=\count109
\everyMPtoPDFconversion=\toks20
)
\AtBeginShipoutBox=\box30
Package hyperref Info: Link coloring ON on input line 27.
 (/usr/share/texlive/texmf-dist/tex/latex/hyperref/nameref.sty
Package: nameref 2010/04/30 v2.40 Cross-referencing by name of section

(/usr/share/texlive/texmf-dist/tex/generic/oberdiek/gettitlestring.sty
Package: gettitlestring 2010/12/03 v1.4 Cleanup title references (HO)
)
\c@section@level=\count110
)
LaTeX Info: Redefining \ref on input line 27.
LaTeX Info: Redefining \pageref on input line 27.
LaTeX Info: Redefining \nameref on input line 27.

(./OpenBoardReleaseNote.out) (./OpenBoardReleaseNote.out)
\@outlinefile=\write3
\openout3 = `OpenBoardReleaseNote.out'.


(/usr/share/texlive/texmf-dist/tex/latex/oberdiek/epstopdf-base.sty
Package: epstopdf-base 2010/02/09 v2.5 Base part for package epstopdf

(/usr/share/texlive/texmf-dist/tex/latex/oberdiek/grfext.sty
Package: grfext 2010/08/19 v1.1 Manage graphics extensions (HO)
)
Package grfext Info: Graphics extension search list:
(grfext)             [.png,.pdf,.jpg,.mps,.jpeg,.jbig2,.jb2,.PNG,.PDF,.JPG,.JPE
G,.JBIG2,.JB2,.eps]
(grfext)             \AppendGraphicsExtensions on input line 452.

(/usr/share/texlive/texmf-dist/tex/latex/latexconfig/epstopdf-sys.cfg
File: epstopdf-sys.cfg 2010/07/13 v1.3 Configuration of (r)epstopdf for TeX Liv
e
))
LaTeX Font Info:    External font `cmex10' loaded for size
(Font)              <12> on input line 33.
LaTeX Font Info:    External font `cmex10' loaded for size
(Font)              <8> on input line 33.
LaTeX Font Info:    External font `cmex10' loaded for size
(Font)              <6> on input line 33.

[1

{/var/lib/texmf/fonts/map/pdftex/updmap/pdftex.map}]
(./OpenBoardReleaseNote.toc
LaTeX Font Info:    External font `cmex10' loaded for size
(Font)              <7> on input line 2.
LaTeX Font Info:    External font `cmex10' loaded for size
(Font)              <5> on input line 2.
)
\tf@toc=\write4
\openout4 = `OpenBoardReleaseNote.toc'.

 [1

]
Underfull \hbox (badness 10000) in paragraph at lines 43--44

 []

pdfTeX warning (ext4): destination with the same identifier (name{page.1}) has 
been already used, duplicate ignored
<to be read again> 
                   \relax 
l.52 \include{OpenBoard_1.00.00}
                                 [1

]
\openout2 = `OpenBoard_1.00.00.aux'.

 (./OpenBoard_1.00.00.tex) [2

]
\openout2 = `OpenBoard_0.08.b.03.aux'.


(./OpenBoard_0.08.b.03.tex) [3


]
\openout2 = `OpenBoard_0.08.b.02.aux'.

 (./OpenBoard_0.08.b.02.tex) [4


]
\openout2 = `OpenBoard_0.08.b.01.aux'.


(./OpenBoard_0.08.b.01.tex
Missing character: There is no Â in font cmr10!
Missing character: There is no ° in font cmr10!
 [5


]) [6] [7


]
<sankore.pdf, id=144, page=1, 845.04686pt x 597.50786pt>
File: sankore.pdf Graphic file (type pdf)

<use sankore.pdf, page 1>
Package pdftex.def Info: sankore.pdf, page1 used on input line 60.
(pdftex.def)             Requested size: 845.0448pt x 597.5064pt.
File: sankore.pdf Graphic file (type pdf)
 <use sankore.pdf, page 1>
Package pdftex.def Info: sankore.pdf, page1 used on input line 60.
(pdftex.def)             Requested size: 597.53755pt x 422.50127pt.
File: sankore.pdf Graphic file (type pdf)
 <use sankore.pdf, page 1>
Package pdftex.def Info: sankore.pdf, page1 used on input line 60.
(pdftex.def)             Requested size: 597.53755pt x 422.50127pt.
File: sankore.pdf Graphic file (type pdf)

<use sankore.pdf, page 1>
Package pdftex.def Info: sankore.pdf, page1 used on input line 60.
(pdftex.def)             Requested size: 597.53755pt x 422.50127pt.
File: sankore.pdf Graphic file (type pdf)
 <use sankore.pdf, page 1>
Package pdftex.def Info: sankore.pdf, page1 used on input line 60.
(pdftex.def)             Requested size: 597.53755pt x 422.50127pt.
 [8 <./sankore.pdf>]
<sankore.pdf, id=193, page=2, 845.04686pt x 597.50786pt>
File: sankore.pdf Graphic file (type pdf)

<use sankore.pdf, page 2>
Package pdftex.def Info: sankore.pdf, page2 used on input line 60.
(pdftex.def)             Requested size: 597.53755pt x 422.50127pt.
File: sankore.pdf Graphic file (type pdf)
 <use sankore.pdf, page 2>
Package pdftex.def Info: sankore.pdf, page2 used on input line 60.
(pdftex.def)             Requested size: 597.53755pt x 422.50127pt.
File: sankore.pdf Graphic file (type pdf)
 <use sankore.pdf, page 2>
Package pdftex.def Info: sankore.pdf, page2 used on input line 60.
(pdftex.def)             Requested size: 597.53755pt x 422.50127pt.

[9 <./sankore.pdf>] <sankore.pdf, id=203, page=3, 845.04686pt x 597.50786pt>
File: sankore.pdf Graphic file (type pdf)

<use sankore.pdf, page 3>
Package pdftex.def Info: sankore.pdf, page3 used on input line 60.
(pdftex.def)             Requested size: 597.53755pt x 422.50127pt.
File: sankore.pdf Graphic file (type pdf)
 <use sankore.pdf, page 3>
Package pdftex.def Info: sankore.pdf, page3 used on input line 60.
(pdftex.def)             Requested size: 597.53755pt x 422.50127pt.
File: sankore.pdf Graphic file (type pdf)
 <use sankore.pdf, page 3>
Package pdftex.def Info: sankore.pdf, page3 used on input line 60.
(pdftex.def)             Requested size: 597.53755pt x 422.50127pt.

[10 <./sankore.pdf>] <sankore.pdf, id=221, page=4, 845.04686pt x 597.50786pt>
File: sankore.pdf Graphic file (type pdf)

<use sankore.pdf, page 4>
Package pdftex.def Info: sankore.pdf, page4 used on input line 60.
(pdftex.def)             Requested size: 597.53755pt x 422.50127pt.
File: sankore.pdf Graphic file (type pdf)
 <use sankore.pdf, page 4>
Package pdftex.def Info: sankore.pdf, page4 used on input line 60.
(pdftex.def)             Requested size: 597.53755pt x 422.50127pt.
File: sankore.pdf Graphic file (type pdf)
 <use sankore.pdf, page 4>
Package pdftex.def Info: sankore.pdf, page4 used on input line 60.
(pdftex.def)             Requested size: 597.53755pt x 422.50127pt.

[11 <./sankore.pdf>] <sankore.pdf, id=236, page=5, 845.04686pt x 597.50786pt>
File: sankore.pdf Graphic file (type pdf)

<use sankore.pdf, page 5>
Package pdftex.def Info: sankore.pdf, page5 used on input line 60.
(pdftex.def)             Requested size: 597.53755pt x 422.50127pt.
File: sankore.pdf Graphic file (type pdf)
 <use sankore.pdf, page 5>
Package pdftex.def Info: sankore.pdf, page5 used on input line 60.
(pdftex.def)             Requested size: 597.53755pt x 422.50127pt.
File: sankore.pdf Graphic file (type pdf)
 <use sankore.pdf, page 5>
Package pdftex.def Info: sankore.pdf, page5 used on input line 60.
(pdftex.def)             Requested size: 597.53755pt x 422.50127pt.

[12 <./sankore.pdf>] <sankore.pdf, id=246, page=6, 845.04686pt x 597.50786pt>
File: sankore.pdf Graphic file (type pdf)

<use sankore.pdf, page 6>
Package pdftex.def Info: sankore.pdf, page6 used on input line 60.
(pdftex.def)             Requested size: 597.53755pt x 422.50127pt.
File: sankore.pdf Graphic file (type pdf)
 <use sankore.pdf, page 6>
Package pdftex.def Info: sankore.pdf, page6 used on input line 60.
(pdftex.def)             Requested size: 597.53755pt x 422.50127pt.
File: sankore.pdf Graphic file (type pdf)
 <use sankore.pdf, page 6>
Package pdftex.def Info: sankore.pdf, page6 used on input line 60.
(pdftex.def)             Requested size: 597.53755pt x 422.50127pt.

[13 <./sankore.pdf>] <sankore.pdf, id=256, page=7, 845.04686pt x 597.50786pt>
File: sankore.pdf Graphic file (type pdf)

<use sankore.pdf, page 7>
Package pdftex.def Info: sankore.pdf, page7 used on input line 60.
(pdftex.def)             Requested size: 597.53755pt x 422.50127pt.
File: sankore.pdf Graphic file (type pdf)
 <use sankore.pdf, page 7>
Package pdftex.def Info: sankore.pdf, page7 used on input line 60.
(pdftex.def)             Requested size: 597.53755pt x 422.50127pt.
File: sankore.pdf Graphic file (type pdf)
 <use sankore.pdf, page 7>
Package pdftex.def Info: sankore.pdf, page7 used on input line 60.
(pdftex.def)             Requested size: 597.53755pt x 422.50127pt.

[14 <./sankore.pdf>] <sankore.pdf, id=271, page=8, 845.04686pt x 597.50786pt>
File: sankore.pdf Graphic file (type pdf)

<use sankore.pdf, page 8>
Package pdftex.def Info: sankore.pdf, page8 used on input line 60.
(pdftex.def)             Requested size: 597.53755pt x 422.50127pt.
File: sankore.pdf Graphic file (type pdf)
 <use sankore.pdf, page 8>
Package pdftex.def Info: sankore.pdf, page8 used on input line 60.
(pdftex.def)             Requested size: 597.53755pt x 422.50127pt.
File: sankore.pdf Graphic file (type pdf)
 <use sankore.pdf, page 8>
Package pdftex.def Info: sankore.pdf, page8 used on input line 60.
(pdftex.def)             Requested size: 597.53755pt x 422.50127pt.

[15 <./sankore.pdf>] <sankore.pdf, id=281, page=9, 845.04686pt x 597.50786pt>
File: sankore.pdf Graphic file (type pdf)

<use sankore.pdf, page 9>
Package pdftex.def Info: sankore.pdf, page9 used on input line 60.
(pdftex.def)             Requested size: 597.53755pt x 422.50127pt.
File: sankore.pdf Graphic file (type pdf)
 <use sankore.pdf, page 9>
Package pdftex.def Info: sankore.pdf, page9 used on input line 60.
(pdftex.def)             Requested size: 597.53755pt x 422.50127pt.
File: sankore.pdf Graphic file (type pdf)
 <use sankore.pdf, page 9>
Package pdftex.def Info: sankore.pdf, page9 used on input line 60.
(pdftex.def)             Requested size: 597.53755pt x 422.50127pt.

[16 <./sankore.pdf>] <sankore.pdf, id=291, page=10, 845.04686pt x 597.50786pt>
File: sankore.pdf Graphic file (type pdf)

<use sankore.pdf, page 10>
Package pdftex.def Info: sankore.pdf, page10 used on input line 60.
(pdftex.def)             Requested size: 597.53755pt x 422.50127pt.
File: sankore.pdf Graphic file (type pdf)
 <use sankore.pdf, page 10>
Package pdftex.def Info: sankore.pdf, page10 used on input line 60.
(pdftex.def)             Requested size: 597.53755pt x 422.50127pt.
File: sankore.pdf Graphic file (type pdf)

<use sankore.pdf, page 10>
Package pdftex.def Info: sankore.pdf, page10 used on input line 60.
(pdftex.def)             Requested size: 597.53755pt x 422.50127pt.
 [17 <./sankore.pdf>]
<sankore.pdf, id=302, page=11, 845.04686pt x 597.50786pt>
File: sankore.pdf Graphic file (type pdf)

<use sankore.pdf, page 11>
Package pdftex.def Info: sankore.pdf, page11 used on input line 60.
(pdftex.def)             Requested size: 597.53755pt x 422.50127pt.
File: sankore.pdf Graphic file (type pdf)
 <use sankore.pdf, page 11>
Package pdftex.def Info: sankore.pdf, page11 used on input line 60.
(pdftex.def)             Requested size: 597.53755pt x 422.50127pt.
File: sankore.pdf Graphic file (type pdf)

<use sankore.pdf, page 11>
Package pdftex.def Info: sankore.pdf, page11 used on input line 60.
(pdftex.def)             Requested size: 597.53755pt x 422.50127pt.
 [18 <./sankore.pdf>]
<sankore.pdf, id=312, page=12, 845.04686pt x 597.50786pt>
File: sankore.pdf Graphic file (type pdf)

<use sankore.pdf, page 12>
Package pdftex.def Info: sankore.pdf, page12 used on input line 60.
(pdftex.def)             Requested size: 597.53755pt x 422.50127pt.
File: sankore.pdf Graphic file (type pdf)
 <use sankore.pdf, page 12>
Package pdftex.def Info: sankore.pdf, page12 used on input line 60.
(pdftex.def)             Requested size: 597.53755pt x 422.50127pt.
File: sankore.pdf Graphic file (type pdf)

<use sankore.pdf, page 12>
Package pdftex.def Info: sankore.pdf, page12 used on input line 60.
(pdftex.def)             Requested size: 597.53755pt x 422.50127pt.
 [19 <./sankore.pdf>]
<sankore.pdf, id=322, page=13, 845.04686pt x 597.50786pt>
File: sankore.pdf Graphic file (type pdf)

<use sankore.pdf, page 13>
Package pdftex.def Info: sankore.pdf, page13 used on input line 60.
(pdftex.def)             Requested size: 597.53755pt x 422.50127pt.
File: sankore.pdf Graphic file (type pdf)
 <use sankore.pdf, page 13>
Package pdftex.def Info: sankore.pdf, page13 used on input line 60.
(pdftex.def)             Requested size: 597.53755pt x 422.50127pt.
File: sankore.pdf Graphic file (type pdf)

<use sankore.pdf, page 13>
Package pdftex.def Info: sankore.pdf, page13 used on input line 60.
(pdftex.def)             Requested size: 597.53755pt x 422.50127pt.
 [20 <./sankore.pdf>]
<sankore.pdf, id=332, page=14, 845.04686pt x 597.50786pt>
File: sankore.pdf Graphic file (type pdf)

<use sankore.pdf, page 14>
Package pdftex.def Info: sankore.pdf, page14 used on input line 60.
(pdftex.def)             Requested size: 597.53755pt x 422.50127pt.
File: sankore.pdf Graphic file (type pdf)
 <use sankore.pdf, page 14>
Package pdftex.def Info: sankore.pdf, page14 used on input line 60.
(pdftex.def)             Requested size: 597.53755pt x 422.50127pt.
File: sankore.pdf Graphic file (type pdf)

<use sankore.pdf, page 14>
Package pdftex.def Info: sankore.pdf, page14 used on input line 60.
(pdftex.def)             Requested size: 597.53755pt x 422.50127pt.
 [21 <./sankore.pdf>]
<sankore.pdf, id=342, page=15, 845.04686pt x 597.50786pt>
File: sankore.pdf Graphic file (type pdf)

<use sankore.pdf, page 15>
Package pdftex.def Info: sankore.pdf, page15 used on input line 60.
(pdftex.def)             Requested size: 597.53755pt x 422.50127pt.
File: sankore.pdf Graphic file (type pdf)
 <use sankore.pdf, page 15>
Package pdftex.def Info: sankore.pdf, page15 used on input line 60.
(pdftex.def)             Requested size: 597.53755pt x 422.50127pt.
File: sankore.pdf Graphic file (type pdf)

<use sankore.pdf, page 15>
Package pdftex.def Info: sankore.pdf, page15 used on input line 60.
(pdftex.def)             Requested size: 597.53755pt x 422.50127pt.
 [22 <./sankore.pdf>]
<sankore.pdf, id=352, page=16, 845.04686pt x 597.50786pt>
File: sankore.pdf Graphic file (type pdf)

<use sankore.pdf, page 16>
Package pdftex.def Info: sankore.pdf, page16 used on input line 60.
(pdftex.def)             Requested size: 597.53755pt x 422.50127pt.
File: sankore.pdf Graphic file (type pdf)
 <use sankore.pdf, page 16>
Package pdftex.def Info: sankore.pdf, page16 used on input line 60.
(pdftex.def)             Requested size: 597.53755pt x 422.50127pt.
File: sankore.pdf Graphic file (type pdf)

<use sankore.pdf, page 16>
Package pdftex.def Info: sankore.pdf, page16 used on input line 60.
(pdftex.def)             Requested size: 597.53755pt x 422.50127pt.
 [23 <./sankore.pdf>]
<sankore.pdf, id=363, page=17, 845.04686pt x 597.50786pt>
File: sankore.pdf Graphic file (type pdf)

<use sankore.pdf, page 17>
Package pdftex.def Info: sankore.pdf, page17 used on input line 60.
(pdftex.def)             Requested size: 597.53755pt x 422.50127pt.
File: sankore.pdf Graphic file (type pdf)
 <use sankore.pdf, page 17>
Package pdftex.def Info: sankore.pdf, page17 used on input line 60.
(pdftex.def)             Requested size: 597.53755pt x 422.50127pt.
File: sankore.pdf Graphic file (type pdf)

<use sankore.pdf, page 17>
Package pdftex.def Info: sankore.pdf, page17 used on input line 60.
(pdftex.def)             Requested size: 597.53755pt x 422.50127pt.
 [24 <./sankore.pdf>]
Package atveryend Info: Empty hook `BeforeClearDocument' on input line 61.
Package atveryend Info: Empty hook `AfterLastShipout' on input line 61.
 (./OpenBoardReleaseNote.aux
(./OpenBoard_1.00.00.aux) (./OpenBoard_0.08.b.03.aux)
(./OpenBoard_0.08.b.02.aux) (./OpenBoard_0.08.b.01.aux))
Package atveryend Info: Executing hook `AtVeryEndDocument' on input line 61.
Package atveryend Info: Executing hook `AtEndAfterFileList' on input line 61.
Package rerunfilecheck Info: File `OpenBoardReleaseNote.out' has not changed.
(rerunfilecheck)             Checksum: 6E3DA6ADF233DFB74D09B06083BB2EF6;347.
Package atveryend Info: Empty hook `AtVeryVeryEnd' on input line 61.
 ) 
Here is how much of TeX's memory you used:
 6240 strings out of 495059
 93750 string characters out of 3182030
 186628 words of memory out of 3000000
 9313 multiletter control sequences out of 15000+200000
 8194 words of font info for 29 fonts, out of 3000000 for 9000
 14 hyphenation exceptions out of 8191
 40i,18n,46p,263b,442s stack positions out of 5000i,500n,10000p,200000b,50000s
</usr/share/texlive/texmf-dist/fonts/type1/public/amsfonts/cm/cmbx10.pfb></us
r/share/texlive/texmf-dist/fonts/type1/public/amsfonts/cm/cmbx12.pfb></usr/shar
e/texlive/texmf-dist/fonts/type1/public/amsfonts/cm/cmr10.pfb></usr/share/texli
ve/texmf-dist/fonts/type1/public/amsfonts/cm/cmr12.pfb></usr/share/texlive/texm
f-dist/fonts/type1/public/amsfonts/cm/cmr17.pfb>
Output written on OpenBoardReleaseNote.pdf (26 pages, 567527 bytes).
PDF statistics:
 400 PDF objects out of 1000 (max. 8388607)
 298 compressed objects within 3 object streams
 33 named destinations out of 1000 (max. 500000)
 144 words of extra memory for PDF output out of 10000 (max. 10000000)

